0 info it worked if it ends with ok
1 verbose cli [ '/home/balinux/.nvm/versions/node/v6.5.0/bin/node',
1 verbose cli   '/home/balinux/.nvm/versions/node/v6.5.0/bin/npm',
1 verbose cli   'update' ]
2 info using npm@3.10.3
3 info using node@v6.5.0
4 silly mapToRegistry name vue
5 silly mapToRegistry using default registry
6 silly mapToRegistry registry https://registry.npmjs.org/
7 silly mapToRegistry data Result {
7 silly mapToRegistry   raw: 'vue',
7 silly mapToRegistry   scope: null,
7 silly mapToRegistry   escapedName: 'vue',
7 silly mapToRegistry   name: 'vue',
7 silly mapToRegistry   rawSpec: '',
7 silly mapToRegistry   spec: 'latest',
7 silly mapToRegistry   type: 'tag' }
8 silly mapToRegistry uri https://registry.npmjs.org/vue
9 verbose request uri https://registry.npmjs.org/vue
10 verbose request no auth needed
11 info attempt registry request try #1 at 10:59:22 AM
12 verbose request id c90dbdf9569ddb5f
13 http request GET https://registry.npmjs.org/vue
14 http 200 https://registry.npmjs.org/vue
15 verbose headers { server: 'nginx/1.10.3',
15 verbose headers   'content-type': 'application/json',
15 verbose headers   'last-modified': 'Fri, 12 May 2017 00:57:47 GMT',
15 verbose headers   etag: 'W/"5915088b-7fd60"',
15 verbose headers   'content-encoding': 'gzip',
15 verbose headers   'cache-control': 'max-age=300',
15 verbose headers   'content-length': '30463',
15 verbose headers   'accept-ranges': 'bytes',
15 verbose headers   date: 'Sat, 13 May 2017 02:59:23 GMT',
15 verbose headers   via: '1.1 varnish',
15 verbose headers   age: '136',
15 verbose headers   connection: 'keep-alive',
15 verbose headers   'x-served-by': 'cache-sin18020-SIN',
15 verbose headers   'x-cache': 'HIT',
15 verbose headers   'x-cache-hits': '1',
15 verbose headers   'x-timer': 'S1494644363.301461,VS0,VE0',
15 verbose headers   vary: 'Accept-Encoding' }
16 silly get cb [ 200,
16 silly get   { server: 'nginx/1.10.3',
16 silly get     'content-type': 'application/json',
16 silly get     'last-modified': 'Fri, 12 May 2017 00:57:47 GMT',
16 silly get     etag: 'W/"5915088b-7fd60"',
16 silly get     'content-encoding': 'gzip',
16 silly get     'cache-control': 'max-age=300',
16 silly get     'content-length': '30463',
16 silly get     'accept-ranges': 'bytes',
16 silly get     date: 'Sat, 13 May 2017 02:59:23 GMT',
16 silly get     via: '1.1 varnish',
16 silly get     age: '136',
16 silly get     connection: 'keep-alive',
16 silly get     'x-served-by': 'cache-sin18020-SIN',
16 silly get     'x-cache': 'HIT',
16 silly get     'x-cache-hits': '1',
16 silly get     'x-timer': 'S1494644363.301461,VS0,VE0',
16 silly get     vary: 'Accept-Encoding' } ]
17 verbose get saving vue to /home/balinux/.npm/registry.npmjs.org/vue/.cache.json
18 verbose correctMkdir /home/balinux/.npm correctMkdir not in flight; initializing
19 info outdated updating [ { dep:
19 info outdated      Node {
19 info outdated        id: 1,
19 info outdated        package: [Object],
19 info outdated        path: '/home/balinux/Code/node_modules/vue',
19 info outdated        realpath: '/home/balinux/Code/node_modules/vue',
19 info outdated        parent: [Object],
19 info outdated        isLink: false,
19 info outdated        children: [Object],
19 info outdated        error: null,
19 info outdated        loaded: false,
19 info outdated        requiredBy: [],
19 info outdated        requires: [],
19 info outdated        missingDeps: {},
19 info outdated        missingDevDeps: {},
19 info outdated        phantomChildren: {},
19 info outdated        location: '/vue',
19 info outdated        userRequired: false,
19 info outdated        existing: false,
19 info outdated        isTop: false },
19 info outdated     depname: 'vue',
19 info outdated     current: '2.0.0-rc.8',
19 info outdated     wanted: '2.3.3',
19 info outdated     latest: '2.3.3',
19 info outdated     req: '*',
19 info outdated     what: 'vue@2.3.3' } ]
20 silly loadCurrentTree Starting
21 silly install loadCurrentTree
22 silly install readLocalPackageData
23 silly fetchPackageMetaData vue@2.3.3
24 silly fetchNamedPackageData vue
25 silly mapToRegistry name vue
26 silly mapToRegistry using default registry
27 silly mapToRegistry registry https://registry.npmjs.org/
28 silly mapToRegistry data Result {
28 silly mapToRegistry   raw: 'vue',
28 silly mapToRegistry   scope: null,
28 silly mapToRegistry   escapedName: 'vue',
28 silly mapToRegistry   name: 'vue',
28 silly mapToRegistry   rawSpec: '',
28 silly mapToRegistry   spec: 'latest',
28 silly mapToRegistry   type: 'tag' }
29 silly mapToRegistry uri https://registry.npmjs.org/vue
30 verbose get https://registry.npmjs.org/vue not expired, no request
31 silly install normalizeTree
32 silly loadCurrentTree Finishing
33 silly loadIdealTree Starting
34 silly install loadIdealTree
35 silly cloneCurrentTree Starting
36 silly install cloneCurrentTreeToIdealTree
37 silly cloneCurrentTree Finishing
38 silly loadShrinkwrap Starting
39 silly install loadShrinkwrap
40 silly loadShrinkwrap Finishing
41 silly loadAllDepsIntoIdealTree Starting
42 silly install loadAllDepsIntoIdealTree
43 silly resolveWithNewModule vue@2.3.3 checking installable status
44 silly cache add args [ 'vue@2.3.3', null ]
45 verbose cache add spec vue@2.3.3
46 silly cache add parsed spec Result {
46 silly cache add   raw: 'vue@2.3.3',
46 silly cache add   scope: null,
46 silly cache add   escapedName: 'vue',
46 silly cache add   name: 'vue',
46 silly cache add   rawSpec: '2.3.3',
46 silly cache add   spec: '2.3.3',
46 silly cache add   type: 'version' }
47 silly addNamed vue@2.3.3
48 verbose addNamed "2.3.3" is a plain semver version for vue
49 silly mapToRegistry name vue
50 silly mapToRegistry using default registry
51 silly mapToRegistry registry https://registry.npmjs.org/
52 silly mapToRegistry data Result {
52 silly mapToRegistry   raw: 'vue',
52 silly mapToRegistry   scope: null,
52 silly mapToRegistry   escapedName: 'vue',
52 silly mapToRegistry   name: 'vue',
52 silly mapToRegistry   rawSpec: '',
52 silly mapToRegistry   spec: 'latest',
52 silly mapToRegistry   type: 'tag' }
53 silly mapToRegistry uri https://registry.npmjs.org/vue
54 verbose addNameVersion registry:https://registry.npmjs.org/vue not in flight; fetching
55 verbose get https://registry.npmjs.org/vue not expired, no request
56 silly mapToRegistry name vue
57 silly mapToRegistry using default registry
58 silly mapToRegistry registry https://registry.npmjs.org/
59 silly mapToRegistry data Result {
59 silly mapToRegistry   raw: 'vue',
59 silly mapToRegistry   scope: null,
59 silly mapToRegistry   escapedName: 'vue',
59 silly mapToRegistry   name: 'vue',
59 silly mapToRegistry   rawSpec: '',
59 silly mapToRegistry   spec: 'latest',
59 silly mapToRegistry   type: 'tag' }
60 silly mapToRegistry uri https://registry.npmjs.org/vue
61 verbose addRemoteTarball https://registry.npmjs.org/vue/-/vue-2.3.3.tgz not in flight; adding
62 verbose addRemoteTarball [ 'https://registry.npmjs.org/vue/-/vue-2.3.3.tgz',
62 verbose addRemoteTarball   'd1eaa8fde5240735a4563e74f2c7fead9cbb064c' ]
63 info retry fetch attempt 1 at 10:59:24 AM
64 info attempt registry request try #1 at 10:59:24 AM
65 http fetch GET https://registry.npmjs.org/vue/-/vue-2.3.3.tgz
66 http fetch 200 https://registry.npmjs.org/vue/-/vue-2.3.3.tgz
67 silly fetchAndShaCheck shasum d1eaa8fde5240735a4563e74f2c7fead9cbb064c
68 verbose addTmpTarball /tmp/npm-8541-225384bf/registry.npmjs.org/vue/-/vue-2.3.3.tgz not in flight; adding
69 verbose addTmpTarball already have metadata; skipping unpack for vue@2.3.3
70 verbose correctMkdir /home/balinux/.npm correctMkdir not in flight; initializing
71 silly cache afterAdd vue@2.3.3
72 verbose afterAdd /home/balinux/.npm/vue/2.3.3/package/package.json not in flight; writing
73 verbose correctMkdir /home/balinux/.npm correctMkdir not in flight; initializing
74 verbose afterAdd /home/balinux/.npm/vue/2.3.3/package/package.json written
75 silly loadAllDepsIntoIdealTree Finishing
76 silly loadIdealTree Finishing
77 silly currentTree Code
77 silly currentTree └─┬ vue@2.0.0-rc.8
77 silly currentTree   ├── abbrev@1.0.9
77 silly currentTree   ├─┬ accepts@1.1.4
77 silly currentTree   │ ├── mime-db@1.12.0
77 silly currentTree   │ └── mime-types@2.0.14
77 silly currentTree   ├── acorn-jsx@3.0.1
77 silly currentTree   ├── acorn-object-spread@1.0.0
77 silly currentTree   ├── acorn@3.3.0
77 silly currentTree   ├── adm-zip@0.4.7
77 silly currentTree   ├── after@0.8.1
77 silly currentTree   ├─┬ agent-base@2.0.1
77 silly currentTree   │ └── semver@5.0.3
77 silly currentTree   ├── ajv-keywords@1.1.1
77 silly currentTree   ├── ajv@4.7.5
77 silly currentTree   ├── align-text@0.1.4
77 silly currentTree   ├── alter@0.2.0
77 silly currentTree   ├── amdefine@1.0.0
77 silly currentTree   ├── ansi-escapes@1.4.0
77 silly currentTree   ├── ansi-regex@2.0.0
77 silly currentTree   ├── ansi-styles@2.2.1
77 silly currentTree   ├── anymatch@1.3.0
77 silly currentTree   ├─┬ archiver@0.14.4
77 silly currentTree   │ ├── glob@4.3.5
77 silly currentTree   │ ├── lodash@3.2.0
77 silly currentTree   │ └── minimatch@2.0.10
77 silly currentTree   ├── argparse@1.0.9
77 silly currentTree   ├── arr-diff@2.0.0
77 silly currentTree   ├── arr-flatten@1.0.1
77 silly currentTree   ├── array-find-index@1.0.1
77 silly currentTree   ├── array-slice@0.2.3
77 silly currentTree   ├── array-union@1.0.2
77 silly currentTree   ├── array-uniq@1.0.3
77 silly currentTree   ├── array-unique@0.2.1
77 silly currentTree   ├── arraybuffer.slice@0.0.6
77 silly currentTree   ├── arrify@1.0.1
77 silly currentTree   ├── asn1@0.1.11
77 silly currentTree   ├── assert-plus@0.1.5
77 silly currentTree   ├── assert@1.4.1
77 silly currentTree   ├── assertion-error@1.0.0
77 silly currentTree   ├── ast-traverse@0.1.1
77 silly currentTree   ├── ast-types@0.9.0
77 silly currentTree   ├── async-each@1.0.1
77 silly currentTree   ├── async@0.9.2
77 silly currentTree   ├── aws-sign2@0.5.0
77 silly currentTree   ├── aws4@1.4.1
77 silly currentTree   ├── babel-code-frame@6.16.0
77 silly currentTree   ├── babel-core@6.16.0
77 silly currentTree   ├── babel-eslint@6.1.2
77 silly currentTree   ├── babel-generator@6.16.0
77 silly currentTree   ├── babel-helper-call-delegate@6.8.0
77 silly currentTree   ├── babel-helper-define-map@6.9.0
77 silly currentTree   ├── babel-helper-function-name@6.8.0
77 silly currentTree   ├── babel-helper-get-function-arity@6.8.0
77 silly currentTree   ├── babel-helper-hoist-variables@6.8.0
77 silly currentTree   ├── babel-helper-optimise-call-expression@6.8.0
77 silly currentTree   ├── babel-helper-regex@6.9.0
77 silly currentTree   ├── babel-helper-replace-supers@6.16.0
77 silly currentTree   ├── babel-helpers@6.16.0
77 silly currentTree   ├── babel-loader@6.2.5
77 silly currentTree   ├── babel-messages@6.8.0
77 silly currentTree   ├── babel-plugin-check-es2015-constants@6.8.0
77 silly currentTree   ├── babel-plugin-coverage@1.0.0
77 silly currentTree   ├── babel-plugin-syntax-class-properties@6.13.0
77 silly currentTree   ├── babel-plugin-syntax-flow@6.13.0
77 silly currentTree   ├── babel-plugin-transform-class-properties@6.16.0
77 silly currentTree   ├── babel-plugin-transform-es2015-arrow-functions@6.8.0
77 silly currentTree   ├── babel-plugin-transform-es2015-block-scoped-functions@6.8.0
77 silly currentTree   ├── babel-plugin-transform-es2015-block-scoping@6.15.0
77 silly currentTree   ├── babel-plugin-transform-es2015-classes@6.14.0
77 silly currentTree   ├── babel-plugin-transform-es2015-computed-properties@6.8.0
77 silly currentTree   ├── babel-plugin-transform-es2015-destructuring@6.16.0
77 silly currentTree   ├── babel-plugin-transform-es2015-duplicate-keys@6.8.0
77 silly currentTree   ├── babel-plugin-transform-es2015-for-of@6.8.0
77 silly currentTree   ├── babel-plugin-transform-es2015-function-name@6.9.0
77 silly currentTree   ├── babel-plugin-transform-es2015-literals@6.8.0
77 silly currentTree   ├── babel-plugin-transform-es2015-modules-amd@6.8.0
77 silly currentTree   ├── babel-plugin-transform-es2015-modules-commonjs@6.16.0
77 silly currentTree   ├── babel-plugin-transform-es2015-modules-systemjs@6.14.0
77 silly currentTree   ├── babel-plugin-transform-es2015-modules-umd@6.12.0
77 silly currentTree   ├── babel-plugin-transform-es2015-object-super@6.8.0
77 silly currentTree   ├── babel-plugin-transform-es2015-parameters@6.16.0
77 silly currentTree   ├── babel-plugin-transform-es2015-shorthand-properties@6.8.0
77 silly currentTree   ├── babel-plugin-transform-es2015-spread@6.8.0
77 silly currentTree   ├── babel-plugin-transform-es2015-sticky-regex@6.8.0
77 silly currentTree   ├── babel-plugin-transform-es2015-template-literals@6.8.0
77 silly currentTree   ├── babel-plugin-transform-es2015-typeof-symbol@6.8.0
77 silly currentTree   ├── babel-plugin-transform-es2015-unicode-regex@6.11.0
77 silly currentTree   ├── babel-plugin-transform-flow-strip-types@6.14.0
77 silly currentTree   ├── babel-plugin-transform-regenerator@6.16.1
77 silly currentTree   ├── babel-plugin-transform-strict-mode@6.11.3
77 silly currentTree   ├── babel-preset-es2015@6.16.0
77 silly currentTree   ├── babel-preset-flow-vue@1.0.0
77 silly currentTree   ├── babel-register@6.16.3
77 silly currentTree   ├── babel-runtime@6.11.6
77 silly currentTree   ├── babel-template@6.16.0
77 silly currentTree   ├── babel-traverse@6.16.0
77 silly currentTree   ├── babel-types@6.16.0
77 silly currentTree   ├── babylon@6.11.2
77 silly currentTree   ├── backo2@1.0.2
77 silly currentTree   ├── balanced-match@0.4.2
77 silly currentTree   ├── base64-arraybuffer@0.1.2
77 silly currentTree   ├── base64-js@1.2.0
77 silly currentTree   ├── Base64@0.2.1
77 silly currentTree   ├── base64id@0.1.0
77 silly currentTree   ├── bcrypt-pbkdf@1.0.0
77 silly currentTree   ├── benchmark@1.0.0
77 silly currentTree   ├── better-assert@1.0.2
77 silly currentTree   ├── big.js@3.1.3
77 silly currentTree   ├── binary-extensions@1.6.0
77 silly currentTree   ├── bl@0.9.5
77 silly currentTree   ├── blob@0.0.4
77 silly currentTree   ├── bluebird@3.4.6
77 silly currentTree   ├─┬ body-parser@1.15.2
77 silly currentTree   │ └── qs@6.2.0
77 silly currentTree   ├── boom@0.4.2
77 silly currentTree   ├── brace-expansion@1.1.6
77 silly currentTree   ├── braces@1.8.5
77 silly currentTree   ├── breakable@1.0.0
77 silly currentTree   ├── browserify-zlib@0.1.4
77 silly currentTree   ├── buble@0.14.0
77 silly currentTree   ├── buffer-crc32@0.2.5
77 silly currentTree   ├── buffer-shims@1.0.0
77 silly currentTree   ├─┬ buffer@4.9.1
77 silly currentTree   │ └── isarray@1.0.0
77 silly currentTree   ├── builtin-modules@1.1.1
77 silly currentTree   ├── bytes@2.4.0
77 silly currentTree   ├── caller-path@0.1.0
77 silly currentTree   ├── callsite@1.0.0
77 silly currentTree   ├── callsites@0.2.0
77 silly currentTree   ├── camelcase-keys@2.1.0
77 silly currentTree   ├── camelcase@2.1.1
77 silly currentTree   ├── caseless@0.6.0
77 silly currentTree   ├── center-align@0.1.3
77 silly currentTree   ├── chai-nightwatch@0.1.1
77 silly currentTree   ├── chalk@1.1.3
77 silly currentTree   ├── chokidar@1.6.0
77 silly currentTree   ├── chromedriver@2.24.1
77 silly currentTree   ├── circular-json@0.3.1
77 silly currentTree   ├── cli-cursor@1.0.2
77 silly currentTree   ├── cli-width@2.1.0
77 silly currentTree   ├─┬ cliui@2.1.0
77 silly currentTree   │ └── wordwrap@0.0.2
77 silly currentTree   ├── clone@1.0.2
77 silly currentTree   ├── co@4.6.0
77 silly currentTree   ├── code-point-at@1.0.0
77 silly currentTree   ├── codecov.io@0.1.6
77 silly currentTree   ├── colors@1.0.3
77 silly currentTree   ├── combine-lists@1.0.1
77 silly currentTree   ├── combined-stream@0.0.7
77 silly currentTree   ├── commander@2.9.0
77 silly currentTree   ├── commondir@1.0.1
77 silly currentTree   ├─┬ commoner@0.10.4
77 silly currentTree   │ └── glob@5.0.15
77 silly currentTree   ├── component-bind@1.0.0
77 silly currentTree   ├── component-emitter@1.1.2
77 silly currentTree   ├── component-inherit@0.0.3
77 silly currentTree   ├── compress-commons@0.2.9
77 silly currentTree   ├── concat-map@0.0.1
77 silly currentTree   ├─┬ concat-stream@1.5.2
77 silly currentTree   │ ├── isarray@1.0.0
77 silly currentTree   │ └── readable-stream@2.0.6
77 silly currentTree   ├── config-chain@1.1.10
77 silly currentTree   ├── connect@3.5.0
77 silly currentTree   ├── console-browserify@1.1.0
77 silly currentTree   ├── constants-browserify@0.0.1
77 silly currentTree   ├── content-type@1.0.2
77 silly currentTree   ├── convert-source-map@1.3.0
77 silly currentTree   ├── core-js@2.4.1
77 silly currentTree   ├── core-util-is@1.0.2
77 silly currentTree   ├── corser@2.0.1
77 silly currentTree   ├── crc32-stream@0.3.4
77 silly currentTree   ├── cross-spawn@4.0.2
77 silly currentTree   ├── cryptiles@0.2.2
77 silly currentTree   ├── crypto-browserify@3.2.8
77 silly currentTree   ├── ctype@0.5.3
77 silly currentTree   ├── currently-unhandled@0.4.1
77 silly currentTree   ├── custom-event@1.0.0
77 silly currentTree   ├── d@0.1.1
77 silly currentTree   ├─┬ dashdash@1.14.0
77 silly currentTree   │ └── assert-plus@1.0.0
77 silly currentTree   ├── data-uri-to-buffer@0.0.4
77 silly currentTree   ├── date-now@0.1.4
77 silly currentTree   ├── dateformat@1.0.12
77 silly currentTree   ├── de-indent@1.0.2
77 silly currentTree   ├── debug@2.2.0
77 silly currentTree   ├── decamelize@1.2.0
77 silly currentTree   ├── deep-eql@0.1.3
77 silly currentTree   ├── deep-equal@0.1.2
77 silly currentTree   ├── deep-is@0.1.3
77 silly currentTree   ├── defined@0.0.0
77 silly currentTree   ├─┬ defs@1.1.1
77 silly currentTree   │ ├── camelcase@1.2.1
77 silly currentTree   │ ├── esprima-fb@15001.1001.0-dev-harmony-fb
77 silly currentTree   │ ├── window-size@0.1.4
77 silly currentTree   │ └── yargs@3.27.0
77 silly currentTree   ├── degenerator@1.0.3
77 silly currentTree   ├── del@2.2.2
77 silly currentTree   ├── delayed-stream@0.0.5
77 silly currentTree   ├── depd@1.1.0
77 silly currentTree   ├── detect-indent@3.0.1
77 silly currentTree   ├─┬ detective@4.3.1
77 silly currentTree   │ ├── acorn@1.2.2
77 silly currentTree   │ └── defined@1.0.0
77 silly currentTree   ├── di@0.0.1
77 silly currentTree   ├── diff@1.4.0
77 silly currentTree   ├─┬ doctrine@1.4.0
77 silly currentTree   │ └── isarray@1.0.0
77 silly currentTree   ├── dom-serialize@2.2.1
77 silly currentTree   ├─┬ dom-serializer@0.1.0
77 silly currentTree   │ └── domelementtype@1.1.3
77 silly currentTree   ├── domain-browser@1.1.7
77 silly currentTree   ├── domelementtype@1.3.0
77 silly currentTree   ├── domhandler@2.3.0
77 silly currentTree   ├── domutils@1.5.1
77 silly currentTree   ├── duplexer@0.1.1
77 silly currentTree   ├── ecc-jsbn@0.1.1
77 silly currentTree   ├── ecstatic@1.4.1
77 silly currentTree   ├── ee-first@1.1.1
77 silly currentTree   ├── ejs@0.8.8
77 silly currentTree   ├── emojis-list@2.0.1
77 silly currentTree   ├── end-of-stream@1.1.0
77 silly currentTree   ├── engine.io-client@1.6.9
77 silly currentTree   ├─┬ engine.io-parser@1.2.4
77 silly currentTree   │ └── has-binary@0.1.6
77 silly currentTree   ├── engine.io@1.6.10
77 silly currentTree   ├─┬ enhanced-resolve@0.9.1
77 silly currentTree   │ └── memory-fs@0.2.0
77 silly currentTree   ├── ent@2.2.0
77 silly currentTree   ├── entities@1.1.1
77 silly currentTree   ├── errno@0.1.4
77 silly currentTree   ├── error-ex@1.3.0
77 silly currentTree   ├── es5-ext@0.10.12
77 silly currentTree   ├── es6-iterator@2.0.0
77 silly currentTree   ├── es6-map@0.1.4
77 silly currentTree   ├── es6-promise@3.3.1
77 silly currentTree   ├── es6-set@0.1.4
77 silly currentTree   ├── es6-symbol@3.1.0
77 silly currentTree   ├── es6-weak-map@2.0.1
77 silly currentTree   ├── escape-html@1.0.3
77 silly currentTree   ├── escape-string-regexp@1.0.5
77 silly currentTree   ├─┬ escodegen@1.8.1
77 silly currentTree   │ ├── estraverse@1.9.3
77 silly currentTree   │ └── source-map@0.2.0
77 silly currentTree   ├── escope@3.6.0
77 silly currentTree   ├── eslint-config-vue@1.1.0
77 silly currentTree   ├── eslint-loader@1.5.0
77 silly currentTree   ├── eslint-plugin-flowtype@2.19.0
77 silly currentTree   ├── eslint-plugin-html@1.5.3
77 silly currentTree   ├─┬ eslint@3.6.1
77 silly currentTree   │ ├── globals@9.10.0
77 silly currentTree   │ └── user-home@2.0.0
77 silly currentTree   ├─┬ espree@3.3.2
77 silly currentTree   │ └── acorn@4.0.3
77 silly currentTree   ├── esprima@2.7.3
77 silly currentTree   ├─┬ esrecurse@4.1.0
77 silly currentTree   │ └── estraverse@4.1.1
77 silly currentTree   ├── estraverse@4.2.0
77 silly currentTree   ├── estree-walker@0.2.1
77 silly currentTree   ├── esutils@2.0.2
77 silly currentTree   ├── event-emitter@0.3.4
77 silly currentTree   ├── eventemitter3@1.2.0
77 silly currentTree   ├── events@1.1.1
77 silly currentTree   ├── exit-hook@1.1.1
77 silly currentTree   ├── exit@0.1.2
77 silly currentTree   ├─┬ expand-braces@0.1.2
77 silly currentTree   │ ├── braces@0.1.5
77 silly currentTree   │ ├── expand-range@0.1.1
77 silly currentTree   │ ├── is-number@0.1.1
77 silly currentTree   │ └── repeat-string@0.2.2
77 silly currentTree   ├── expand-brackets@0.1.5
77 silly currentTree   ├── expand-range@1.8.2
77 silly currentTree   ├── extend@3.0.0
77 silly currentTree   ├── extglob@0.3.2
77 silly currentTree   ├─┬ extract-zip@1.5.0
77 silly currentTree   │ ├── concat-stream@1.5.0
77 silly currentTree   │ ├── debug@0.7.4
77 silly currentTree   │ ├── isarray@1.0.0
77 silly currentTree   │ ├── minimist@0.0.8
77 silly currentTree   │ ├── mkdirp@0.5.0
77 silly currentTree   │ └── readable-stream@2.0.6
77 silly currentTree   ├── extsprintf@1.0.2
77 silly currentTree   ├── fast-levenshtein@2.0.5
77 silly currentTree   ├── fd-slicer@1.0.1
77 silly currentTree   ├── figures@1.7.0
77 silly currentTree   ├── file-entry-cache@2.0.0
77 silly currentTree   ├── file-uri-to-path@0.0.2
77 silly currentTree   ├── filename-regex@2.0.0
77 silly currentTree   ├── fill-range@2.2.3
77 silly currentTree   ├── finalhandler@0.5.0
77 silly currentTree   ├── find-cache-dir@0.1.1
77 silly currentTree   ├─┬ find-up@1.1.2
77 silly currentTree   │ └── path-exists@2.1.0
77 silly currentTree   ├── flat-cache@1.2.1
77 silly currentTree   ├── flow-bin@0.32.0
77 silly currentTree   ├─┬ flow-remove-types-no-whitespace@1.0.4
77 silly currentTree   │ └── magic-string@0.16.0
77 silly currentTree   ├── for-in@0.1.6
77 silly currentTree   ├── for-own@0.1.4
77 silly currentTree   ├── forever-agent@0.5.2
77 silly currentTree   ├── form-data@0.1.4
77 silly currentTree   ├── fs-access@1.0.0
77 silly currentTree   ├── fs-extra@0.30.0
77 silly currentTree   ├── fs.realpath@1.0.0
77 silly currentTree   ├─┬ ftp@0.3.10
77 silly currentTree   │ └── readable-stream@1.1.14
77 silly currentTree   ├── generate-function@2.0.0
77 silly currentTree   ├── generate-object-property@1.2.0
77 silly currentTree   ├── get-stdin@4.0.1
77 silly currentTree   ├─┬ get-uri@1.1.0
77 silly currentTree   │ ├── isarray@1.0.0
77 silly currentTree   │ └── readable-stream@2.1.5
77 silly currentTree   ├─┬ getpass@0.1.6
77 silly currentTree   │ └── assert-plus@1.0.0
77 silly currentTree   ├── glob-base@0.3.0
77 silly currentTree   ├── glob-parent@2.0.0
77 silly currentTree   ├── glob@7.1.0
77 silly currentTree   ├── globals@8.18.0
77 silly currentTree   ├── globby@5.0.0
77 silly currentTree   ├── graceful-fs@4.1.9
77 silly currentTree   ├── graceful-readlink@1.0.1
77 silly currentTree   ├── growl@1.8.1
77 silly currentTree   ├─┬ handlebars@4.0.5
77 silly currentTree   │ ├── async@1.5.2
77 silly currentTree   │ └── source-map@0.4.4
77 silly currentTree   ├── har-validator@2.0.6
77 silly currentTree   ├── has-ansi@2.0.0
77 silly currentTree   ├── has-binary@0.1.7
77 silly currentTree   ├── has-cors@1.1.0
77 silly currentTree   ├── has-flag@1.0.0
77 silly currentTree   ├── hasha@2.2.0
77 silly currentTree   ├── hawk@1.1.1
77 silly currentTree   ├── he@0.5.0
77 silly currentTree   ├── hoek@0.9.1
77 silly currentTree   ├── home-or-tmp@1.0.0
77 silly currentTree   ├── hosted-git-info@2.1.5
77 silly currentTree   ├─┬ htmlparser2@3.9.1
77 silly currentTree   │ ├── isarray@1.0.0
77 silly currentTree   │ └── readable-stream@2.1.5
77 silly currentTree   ├── http-browserify@1.7.0
77 silly currentTree   ├─┬ http-errors@1.5.0
77 silly currentTree   │ └── inherits@2.0.1
77 silly currentTree   ├── http-proxy-agent@1.0.0
77 silly currentTree   ├── http-proxy@1.15.1
77 silly currentTree   ├── http-server@0.9.0
77 silly currentTree   ├── http-signature@0.10.1
77 silly currentTree   ├── https-browserify@0.0.0
77 silly currentTree   ├── https-proxy-agent@1.0.0
77 silly currentTree   ├── iconv-lite@0.4.13
77 silly currentTree   ├── ieee754@1.1.6
77 silly currentTree   ├── ignore@3.1.5
77 silly currentTree   ├── imurmurhash@0.1.4
77 silly currentTree   ├─┬ indent-string@2.1.0
77 silly currentTree   │ └── repeating@2.0.1
77 silly currentTree   ├── indexof@0.0.1
77 silly currentTree   ├── inflight@1.0.5
77 silly currentTree   ├── inherits@2.0.3
77 silly currentTree   ├── ini@1.3.4
77 silly currentTree   ├── inquirer@0.12.0
77 silly currentTree   ├── interpret@0.6.6
77 silly currentTree   ├── invariant@2.2.1
77 silly currentTree   ├── invert-kv@1.0.0
77 silly currentTree   ├── ip@1.1.3
77 silly currentTree   ├── is-arrayish@0.2.1
77 silly currentTree   ├── is-binary-path@1.0.1
77 silly currentTree   ├── is-buffer@1.1.4
77 silly currentTree   ├── is-builtin-module@1.0.0
77 silly currentTree   ├── is-dotfile@1.0.2
77 silly currentTree   ├── is-equal-shallow@0.1.3
77 silly currentTree   ├── is-extendable@0.1.1
77 silly currentTree   ├── is-extglob@1.0.0
77 silly currentTree   ├── is-finite@1.0.1
77 silly currentTree   ├── is-fullwidth-code-point@1.0.0
77 silly currentTree   ├── is-glob@2.0.1
77 silly currentTree   ├── is-my-json-valid@2.14.0
77 silly currentTree   ├── is-number@2.1.0
77 silly currentTree   ├── is-path-cwd@1.0.0
77 silly currentTree   ├── is-path-in-cwd@1.0.0
77 silly currentTree   ├── is-path-inside@1.0.0
77 silly currentTree   ├── is-posix-bracket@0.1.1
77 silly currentTree   ├── is-primitive@2.0.0
77 silly currentTree   ├── is-property@1.0.2
77 silly currentTree   ├── is-resolvable@1.0.0
77 silly currentTree   ├── is-stream@1.1.0
77 silly currentTree   ├── is-typedarray@1.0.0
77 silly currentTree   ├── is-utf8@0.2.1
77 silly currentTree   ├── isarray@0.0.1
77 silly currentTree   ├── isbinaryfile@3.0.1
77 silly currentTree   ├── isexe@1.1.2
77 silly currentTree   ├─┬ isobject@2.1.0
77 silly currentTree   │ └── isarray@1.0.0
77 silly currentTree   ├── isstream@0.1.2
77 silly currentTree   ├─┬ istanbul@0.4.5
77 silly currentTree   │ ├── async@1.5.2
77 silly currentTree   │ ├── glob@5.0.15
77 silly currentTree   │ └── supports-color@3.1.2
77 silly currentTree   ├─┬ jade@0.26.3
77 silly currentTree   │ ├── commander@0.6.1
77 silly currentTree   │ └── mkdirp@0.3.0
77 silly currentTree   ├── jasmine-core@2.4.1
77 silly currentTree   ├─┬ jasmine@2.4.1
77 silly currentTree   │ ├── glob@3.2.11
77 silly currentTree   │ ├── lru-cache@2.7.3
77 silly currentTree   │ └── minimatch@0.3.0
77 silly currentTree   ├── jodid25519@1.0.2
77 silly currentTree   ├── js-tokens@2.0.0
77 silly currentTree   ├── js-yaml@3.6.1
77 silly currentTree   ├── jsbn@0.1.0
77 silly currentTree   ├── jsesc@1.3.0
77 silly currentTree   ├── json-schema@0.2.3
77 silly currentTree   ├── json-stable-stringify@1.0.1
77 silly currentTree   ├── json-stringify-safe@5.0.1
77 silly currentTree   ├── json3@3.2.6
77 silly currentTree   ├── json5@0.4.0
77 silly currentTree   ├── jsonfile@2.4.0
77 silly currentTree   ├── jsonify@0.0.0
77 silly currentTree   ├── jsonpointer@2.0.0
77 silly currentTree   ├── jsprim@1.3.1
77 silly currentTree   ├── karma-chrome-launcher@2.0.0
77 silly currentTree   ├─┬ karma-coverage@1.1.1
77 silly currentTree   │ └── lodash@3.10.1
77 silly currentTree   ├── karma-firefox-launcher@1.0.0
77 silly currentTree   ├── karma-jasmine@1.0.2
77 silly currentTree   ├── karma-mocha-reporter@2.2.0
77 silly currentTree   ├── karma-phantomjs-launcher@1.0.2
77 silly currentTree   ├── karma-safari-launcher@1.0.0
77 silly currentTree   ├── karma-sauce-launcher@1.0.0
77 silly currentTree   ├── karma-sourcemap-loader@0.3.7
77 silly currentTree   ├─┬ karma-webpack@1.8.0
77 silly currentTree   │ ├── lodash@3.10.1
77 silly currentTree   │ └── source-map@0.1.43
77 silly currentTree   ├─┬ karma@1.3.0
77 silly currentTree   │ ├── colors@1.1.2
77 silly currentTree   │ ├── lodash@3.10.1
77 silly currentTree   │ └── mime@1.3.4
77 silly currentTree   ├── kew@0.5.0
77 silly currentTree   ├── kind-of@3.0.4
77 silly currentTree   ├── klaw@1.3.0
77 silly currentTree   ├── lazy-cache@1.0.4
77 silly currentTree   ├── lazystream@0.1.0
77 silly currentTree   ├── lcid@1.0.0
77 silly currentTree   ├── levn@0.3.0
77 silly currentTree   ├─┬ load-json-file@1.1.0
77 silly currentTree   │ └── strip-bom@2.0.0
77 silly currentTree   ├─┬ loader-utils@0.2.16
77 silly currentTree   │ └── json5@0.5.0
77 silly currentTree   ├── lodash._arraycopy@3.0.0
77 silly currentTree   ├── lodash._arrayeach@3.0.0
77 silly currentTree   ├── lodash._baseassign@3.2.0
77 silly currentTree   ├── lodash._baseclone@3.3.0
77 silly currentTree   ├── lodash._basecopy@3.0.1
77 silly currentTree   ├── lodash._basecreate@3.0.3
77 silly currentTree   ├── lodash._basefor@3.0.3
77 silly currentTree   ├── lodash._bindcallback@3.0.1
77 silly currentTree   ├── lodash._getnative@3.9.1
77 silly currentTree   ├── lodash._isiterateecall@3.0.9
77 silly currentTree   ├── lodash.assign@4.2.0
77 silly currentTree   ├── lodash.clone@3.0.3
77 silly currentTree   ├── lodash.create@3.1.1
77 silly currentTree   ├── lodash.defaultsdeep@4.6.0
77 silly currentTree   ├── lodash.isarguments@3.1.0
77 silly currentTree   ├── lodash.isarray@3.0.4
77 silly currentTree   ├── lodash.keys@3.1.2
77 silly currentTree   ├── lodash.pickby@4.6.0
77 silly currentTree   ├── lodash@4.16.2
77 silly currentTree   ├── log4js@0.6.38
77 silly currentTree   ├── longest@1.0.1
77 silly currentTree   ├─┬ loose-envify@1.2.0
77 silly currentTree   │ └── js-tokens@1.0.3
77 silly currentTree   ├── loud-rejection@1.6.0
77 silly currentTree   ├── lru-cache@4.0.1
77 silly currentTree   ├── magic-string@0.14.0
77 silly currentTree   ├── map-obj@1.0.1
77 silly currentTree   ├── media-typer@0.3.0
77 silly currentTree   ├─┬ memory-fs@0.3.0
77 silly currentTree   │ ├── isarray@1.0.0
77 silly currentTree   │ └── readable-stream@2.1.5
77 silly currentTree   ├── meow@3.7.0
77 silly currentTree   ├── micromatch@2.3.11
77 silly currentTree   ├── mime-db@1.24.0
77 silly currentTree   ├── mime-types@1.0.2
77 silly currentTree   ├── mime@1.2.11
77 silly currentTree   ├── minimatch@3.0.3
77 silly currentTree   ├── minimist@1.2.0
77 silly currentTree   ├─┬ mkdirp@0.5.1
77 silly currentTree   │ └── minimist@0.0.8
77 silly currentTree   ├── mkpath@1.0.0
77 silly currentTree   ├─┬ mocha-nightwatch@2.2.9
77 silly currentTree   │ ├── commander@2.3.0
77 silly currentTree   │ ├── escape-string-regexp@1.0.2
77 silly currentTree   │ ├── glob@3.2.3
77 silly currentTree   │ ├── graceful-fs@2.0.3
77 silly currentTree   │ ├── lru-cache@2.7.3
77 silly currentTree   │ ├── minimatch@0.2.14
77 silly currentTree   │ ├── minimist@0.0.8
77 silly currentTree   │ ├── mkdirp@0.5.0
77 silly currentTree   │ └── supports-color@1.2.0
77 silly currentTree   ├── ms@0.7.1
77 silly currentTree   ├── mute-stream@0.0.5
77 silly currentTree   ├── natural-compare@1.4.0
77 silly currentTree   ├── negotiator@0.4.9
77 silly currentTree   ├── netmask@1.0.6
77 silly currentTree   ├── nightwatch-helpers@1.2.0
77 silly currentTree   ├─┬ nightwatch@0.9.8
77 silly currentTree   │ ├── lru-cache@2.7.3
77 silly currentTree   │ └── minimatch@0.2.14
77 silly currentTree   ├── node-int64@0.3.3
77 silly currentTree   ├─┬ node-libs-browser@0.6.0
77 silly currentTree   │ └── readable-stream@1.1.14
77 silly currentTree   ├── node-uuid@1.4.7
77 silly currentTree   ├── nopt@3.0.6
77 silly currentTree   ├── normalize-package-data@2.3.5
77 silly currentTree   ├── normalize-path@2.0.1
77 silly currentTree   ├── npmconf@2.1.2
77 silly currentTree   ├── null-check@1.0.0
77 silly currentTree   ├── number-is-nan@1.0.0
77 silly currentTree   ├── oauth-sign@0.4.0
77 silly currentTree   ├── object-assign@4.1.0
77 silly currentTree   ├── object-component@0.0.3
77 silly currentTree   ├── object.omit@2.0.0
77 silly currentTree   ├── on-finished@2.3.0
77 silly currentTree   ├── once@1.3.3
77 silly currentTree   ├── onetime@1.1.0
77 silly currentTree   ├── opener@1.4.2
77 silly currentTree   ├─┬ optimist@0.6.1
77 silly currentTree   │ ├── minimist@0.0.10
77 silly currentTree   │ └── wordwrap@0.0.3
77 silly currentTree   ├── optionator@0.8.2
77 silly currentTree   ├── options@0.0.6
77 silly currentTree   ├── os-browserify@0.1.2
77 silly currentTree   ├── os-homedir@1.0.1
77 silly currentTree   ├── os-locale@1.4.0
77 silly currentTree   ├── os-tmpdir@1.0.1
77 silly currentTree   ├── osenv@0.1.3
77 silly currentTree   ├── pac-proxy-agent@1.0.0
77 silly currentTree   ├─┬ pac-resolver@1.2.6
77 silly currentTree   │ └── co@3.0.6
77 silly currentTree   ├── pako@0.2.9
77 silly currentTree   ├── parse-glob@3.0.4
77 silly currentTree   ├── parse-json@2.2.0
77 silly currentTree   ├── parsejson@0.0.1
77 silly currentTree   ├── parseqs@0.0.2
77 silly currentTree   ├── parseuri@0.0.4
77 silly currentTree   ├── parseurl@1.3.1
77 silly currentTree   ├── path-browserify@0.0.0
77 silly currentTree   ├── path-exists@1.0.0
77 silly currentTree   ├── path-is-absolute@1.0.0
77 silly currentTree   ├── path-is-inside@1.0.2
77 silly currentTree   ├── path-type@1.1.0
77 silly currentTree   ├── pbkdf2-compat@2.0.1
77 silly currentTree   ├── pend@1.2.0
77 silly currentTree   ├─┬ phantomjs-prebuilt@2.1.12
77 silly currentTree   │ ├── assert-plus@0.2.0
77 silly currentTree   │ ├── async@2.0.1
77 silly currentTree   │ ├── aws-sign2@0.6.0
77 silly currentTree   │ ├── bl@1.1.2
77 silly currentTree   │ ├── boom@2.10.1
77 silly currentTree   │ ├── caseless@0.11.0
77 silly currentTree   │ ├── combined-stream@1.0.5
77 silly currentTree   │ ├── cryptiles@2.0.5
77 silly currentTree   │ ├── delayed-stream@1.0.0
77 silly currentTree   │ ├── es6-promise@3.2.1
77 silly currentTree   │ ├── forever-agent@0.6.1
77 silly currentTree   │ ├── form-data@1.0.1
77 silly currentTree   │ ├── hawk@3.1.3
77 silly currentTree   │ ├── hoek@2.16.3
77 silly currentTree   │ ├── http-signature@1.1.1
77 silly currentTree   │ ├── isarray@1.0.0
77 silly currentTree   │ ├── kew@0.7.0
77 silly currentTree   │ ├── mime-types@2.1.12
77 silly currentTree   │ ├── oauth-sign@0.8.2
77 silly currentTree   │ ├── qs@6.2.1
77 silly currentTree   │ ├── readable-stream@2.0.6
77 silly currentTree   │ ├── request@2.74.0
77 silly currentTree   │ └── sntp@1.0.9
77 silly currentTree   ├── pify@2.3.0
77 silly currentTree   ├── pinkie-promise@2.0.1
77 silly currentTree   ├── pinkie@2.0.4
77 silly currentTree   ├── pkg-dir@1.0.0
77 silly currentTree   ├── pluralize@1.2.1
77 silly currentTree   ├─┬ portfinder@0.4.0
77 silly currentTree   │ └── async@0.9.0
77 silly currentTree   ├── prelude-ls@1.1.2
77 silly currentTree   ├── preserve@0.2.0
77 silly currentTree   ├── private@0.1.6
77 silly currentTree   ├── process-nextick-args@1.0.7
77 silly currentTree   ├── process@0.11.9
77 silly currentTree   ├── progress@1.1.8
77 silly currentTree   ├── proto-list@1.2.4
77 silly currentTree   ├─┬ proxy-agent@2.0.0
77 silly currentTree   │ └── lru-cache@2.6.5
77 silly currentTree   ├── prr@0.0.0
77 silly currentTree   ├── pseudomap@1.0.2
77 silly currentTree   ├── punycode@1.4.1
77 silly currentTree   ├── q@1.4.1
77 silly currentTree   ├── qjobs@1.1.5
77 silly currentTree   ├── qs@1.2.2
77 silly currentTree   ├── querystring-es3@0.2.1
77 silly currentTree   ├── querystring@0.2.0
77 silly currentTree   ├── randomatic@1.1.5
77 silly currentTree   ├── range-parser@1.2.0
77 silly currentTree   ├── raw-body@2.1.7
77 silly currentTree   ├── read-pkg-up@1.0.1
77 silly currentTree   ├── read-pkg@1.1.0
77 silly currentTree   ├── readable-stream@1.0.34
77 silly currentTree   ├─┬ readdirp@2.1.0
77 silly currentTree   │ ├── isarray@1.0.0
77 silly currentTree   │ └── readable-stream@2.1.5
77 silly currentTree   ├── readline2@1.0.1
77 silly currentTree   ├─┬ recast@0.10.33
77 silly currentTree   │ ├── ast-types@0.8.12
77 silly currentTree   │ └── esprima-fb@15001.1001.0-dev-harmony-fb
77 silly currentTree   ├── redent@1.0.0
77 silly currentTree   ├── regenerate@1.3.1
77 silly currentTree   ├── regenerator-runtime@0.9.5
77 silly currentTree   ├─┬ regenerator@0.8.46
77 silly currentTree   │ └── esprima-fb@15001.1001.0-dev-harmony-fb
77 silly currentTree   ├── regex-cache@0.4.3
77 silly currentTree   ├── regexpu-core@2.0.0
77 silly currentTree   ├── regjsgen@0.2.0
77 silly currentTree   ├─┬ regjsparser@0.1.5
77 silly currentTree   │ └── jsesc@0.5.0
77 silly currentTree   ├── repeat-element@1.1.2
77 silly currentTree   ├── repeat-string@1.5.4
77 silly currentTree   ├── repeating@1.1.3
77 silly currentTree   ├── request-progress@2.0.1
77 silly currentTree   ├── request@2.42.0
77 silly currentTree   ├── require-uncached@1.0.2
77 silly currentTree   ├── requires-port@1.0.0
77 silly currentTree   ├── resolve-from@1.0.1
77 silly currentTree   ├── resolve@1.1.7
77 silly currentTree   ├── restore-cursor@1.0.1
77 silly currentTree   ├── resumer@0.0.0
77 silly currentTree   ├── right-align@0.1.3
77 silly currentTree   ├── rimraf@2.5.4
77 silly currentTree   ├── ripemd160@0.2.0
77 silly currentTree   ├── rollup-plugin-alias@1.2.0
77 silly currentTree   ├── rollup-plugin-babel@2.6.1
77 silly currentTree   ├── rollup-plugin-buble@0.14.0
77 silly currentTree   ├── rollup-plugin-flow-no-whitespace@1.0.0
77 silly currentTree   ├─┬ rollup-plugin-replace@1.1.1
77 silly currentTree   │ └── magic-string@0.15.2
77 silly currentTree   ├── rollup-pluginutils@1.5.2
77 silly currentTree   ├─┬ rollup-watch@2.5.0
77 silly currentTree   │ └── semver@5.3.0
77 silly currentTree   ├── rollup@0.36.1
77 silly currentTree   ├── run-async@0.1.0
77 silly currentTree   ├── rx-lite@3.1.2
77 silly currentTree   ├─┬ sauce-connect-launcher@0.13.0
77 silly currentTree   │ ├── async@1.4.0
77 silly currentTree   │ ├── glob@5.0.15
77 silly currentTree   │ ├── lodash@3.10.1
77 silly currentTree   │ └── rimraf@2.4.3
77 silly currentTree   ├── saucelabs@1.3.0
77 silly currentTree   ├── selenium-server@2.53.1
77 silly currentTree   ├── semver@4.3.6
77 silly currentTree   ├── set-immediate-shim@1.0.1
77 silly currentTree   ├── setprototypeof@1.0.1
77 silly currentTree   ├── sha.js@2.2.6
77 silly currentTree   ├── shebang-regex@1.0.0
77 silly currentTree   ├── shelljs@0.6.1
77 silly currentTree   ├── sigmund@1.0.1
77 silly currentTree   ├── signal-exit@3.0.1
77 silly currentTree   ├── simple-fmt@0.1.0
77 silly currentTree   ├── simple-is@0.2.0
77 silly currentTree   ├── slash@1.0.0
77 silly currentTree   ├── slice-ansi@0.0.4
77 silly currentTree   ├── smart-buffer@1.0.11
77 silly currentTree   ├── sntp@0.2.4
77 silly currentTree   ├─┬ socket.io-adapter@0.4.0
77 silly currentTree   │ └─┬ socket.io-parser@2.2.2
77 silly currentTree   │   └── debug@0.7.4
77 silly currentTree   ├─┬ socket.io-client@1.4.6
77 silly currentTree   │ └── component-emitter@1.2.0
77 silly currentTree   ├─┬ socket.io-parser@2.2.6
77 silly currentTree   │ └── json3@3.3.2
77 silly currentTree   ├── socket.io@1.4.7
77 silly currentTree   ├── socks-proxy-agent@2.0.0
77 silly currentTree   ├── socks@1.1.9
77 silly currentTree   ├── source-list-map@0.1.6
77 silly currentTree   ├── source-map-support@0.4.3
77 silly currentTree   ├── source-map@0.5.6
77 silly currentTree   ├── spdx-correct@1.0.2
77 silly currentTree   ├── spdx-expression-parse@1.0.3
77 silly currentTree   ├── spdx-license-ids@1.2.2
77 silly currentTree   ├── split@0.2.10
77 silly currentTree   ├── sprintf-js@1.0.3
77 silly currentTree   ├─┬ sshpk@1.10.1
77 silly currentTree   │ ├── asn1@0.2.3
77 silly currentTree   │ └── assert-plus@1.0.0
77 silly currentTree   ├── stable@0.1.5
77 silly currentTree   ├── statuses@1.3.0
77 silly currentTree   ├── stream-browserify@1.0.0
77 silly currentTree   ├── stream-combiner@0.0.4
77 silly currentTree   ├── stream-to-buffer@0.1.0
77 silly currentTree   ├── stream-to@0.2.2
77 silly currentTree   ├── string_decoder@0.10.31
77 silly currentTree   ├── string-width@1.0.2
77 silly currentTree   ├── stringmap@0.2.2
77 silly currentTree   ├── stringset@0.2.1
77 silly currentTree   ├── stringstream@0.0.5
77 silly currentTree   ├── strip-ansi@3.0.1
77 silly currentTree   ├── strip-bom@3.0.0
77 silly currentTree   ├── strip-indent@1.0.1
77 silly currentTree   ├── strip-json-comments@1.0.4
77 silly currentTree   ├── supports-color@2.0.0
77 silly currentTree   ├── table@3.8.0
77 silly currentTree   ├── tapable@0.1.10
77 silly currentTree   ├── tape@2.3.0
77 silly currentTree   ├── tar-stream@1.1.5
77 silly currentTree   ├── text-table@0.2.0
77 silly currentTree   ├── throttleit@1.0.0
77 silly currentTree   ├── through@2.3.8
77 silly currentTree   ├── thunkify@2.1.2
77 silly currentTree   ├── timers-browserify@1.4.2
77 silly currentTree   ├── tmp@0.0.28
77 silly currentTree   ├── to-array@0.1.4
77 silly currentTree   ├── to-fast-properties@1.0.2
77 silly currentTree   ├── tough-cookie@2.3.1
77 silly currentTree   ├── trim-newlines@1.0.0
77 silly currentTree   ├── tryit@1.0.2
77 silly currentTree   ├── tryor@0.1.2
77 silly currentTree   ├── tty-browserify@0.0.0
77 silly currentTree   ├── tunnel-agent@0.4.3
77 silly currentTree   ├── tweetnacl@0.14.3
77 silly currentTree   ├── type-check@0.3.2
77 silly currentTree   ├── type-detect@0.1.1
77 silly currentTree   ├─┬ type-is@1.6.13
77 silly currentTree   │ └── mime-types@2.1.12
77 silly currentTree   ├── typedarray@0.0.6
77 silly currentTree   ├── typescript@2.0.3
77 silly currentTree   ├─┬ uglify-js@2.7.3
77 silly currentTree   │ └── async@0.2.10
77 silly currentTree   ├── uglify-to-browserify@1.0.2
77 silly currentTree   ├── uid-number@0.0.5
77 silly currentTree   ├── ultron@1.0.2
77 silly currentTree   ├── underscore.string@3.0.3
77 silly currentTree   ├─┬ union@0.4.4
77 silly currentTree   │ └── qs@2.3.3
77 silly currentTree   ├── unpipe@1.0.0
77 silly currentTree   ├── url-join@1.1.0
77 silly currentTree   ├─┬ url@0.10.3
77 silly currentTree   │ └── punycode@1.3.2
77 silly currentTree   ├── urlgrey@0.4.0
77 silly currentTree   ├── user-home@1.1.1
77 silly currentTree   ├─┬ useragent@2.1.9
77 silly currentTree   │ └── lru-cache@2.2.4
77 silly currentTree   ├── utf8@2.1.0
77 silly currentTree   ├── util-deprecate@1.0.2
77 silly currentTree   ├─┬ util@0.10.3
77 silly currentTree   │ └── inherits@2.0.1
77 silly currentTree   ├── utils-merge@1.0.0
77 silly currentTree   ├── validate-npm-package-license@3.0.1
77 silly currentTree   ├── vargs@0.1.0
77 silly currentTree   ├── verror@1.3.6
77 silly currentTree   ├── vlq@0.2.1
77 silly currentTree   ├── vm-browserify@0.0.4
77 silly currentTree   ├── void-elements@2.0.1
77 silly currentTree   ├── watchpack@0.2.9
77 silly currentTree   ├─┬ wd@0.3.12
77 silly currentTree   │ ├── async@1.0.0
77 silly currentTree   │ ├── bluebird@2.11.0
77 silly currentTree   │ ├── boom@2.10.1
77 silly currentTree   │ ├── caseless@0.9.0
77 silly currentTree   │ ├── cryptiles@2.0.5
77 silly currentTree   │ ├── forever-agent@0.6.1
77 silly currentTree   │ ├─┬ form-data@0.2.0
77 silly currentTree   │ │ └── async@0.9.2
77 silly currentTree   │ ├── har-validator@1.8.0
77 silly currentTree   │ ├── hawk@2.3.1
77 silly currentTree   │ ├── hoek@2.16.3
77 silly currentTree   │ ├── lodash@3.9.3
77 silly currentTree   │ ├── mime-db@1.12.0
77 silly currentTree   │ ├── mime-types@2.0.14
77 silly currentTree   │ ├── oauth-sign@0.6.0
77 silly currentTree   │ ├── qs@2.4.2
77 silly currentTree   │ ├── request@2.55.0
77 silly currentTree   │ └── sntp@1.0.9
77 silly currentTree   ├─┬ webpack-core@0.6.8
77 silly currentTree   │ └── source-map@0.4.4
77 silly currentTree   ├─┬ webpack-dev-middleware@1.8.3
77 silly currentTree   │ └── mime@1.3.4
77 silly currentTree   ├─┬ webpack@1.13.2
77 silly currentTree   │ ├── async@1.5.2
77 silly currentTree   │ ├── supports-color@3.1.2
77 silly currentTree   │ └─┬ uglify-js@2.6.4
77 silly currentTree   │   └── async@0.2.10
77 silly currentTree   ├── which@1.2.11
77 silly currentTree   ├── window-size@0.1.0
77 silly currentTree   ├── wordwrap@1.0.0
77 silly currentTree   ├── wrappy@1.0.2
77 silly currentTree   ├── write@0.2.1
77 silly currentTree   ├── ws@1.0.1
77 silly currentTree   ├── xmlhttprequest-ssl@1.5.1
77 silly currentTree   ├── xregexp@2.0.0
77 silly currentTree   ├── xtend@4.0.1
77 silly currentTree   ├── y18n@3.2.1
77 silly currentTree   ├── yallist@2.0.0
77 silly currentTree   ├─┬ yargs@3.10.0
77 silly currentTree   │ └── camelcase@1.2.1
77 silly currentTree   ├── yauzl@2.4.1
77 silly currentTree   ├── yeast@0.1.2
77 silly currentTree   └─┬ zip-stream@0.5.2
77 silly currentTree     └── lodash@3.2.0
78 silly idealTree Code
78 silly idealTree └── vue@2.3.3
79 silly generateActionsToTake Starting
80 silly install generateActionsToTake
81 silly rollbackFailedOptional Starting
82 silly rollbackFailedOptional Finishing
83 silly runTopLevelLifecycles Starting
84 silly runTopLevelLifecycles Finishing
85 silly install printInstalled
86 warn enoent ENOENT: no such file or directory, open '/home/balinux/Code/package.json'
87 verbose stack Error: /home/balinux/Code/node_modules/vue: Appears to be a git repo or submodule.
87 verbose stack     at /home/balinux/.nvm/versions/node/v6.5.0/lib/node_modules/npm/node_modules/npm-install-checks/index.js:137:15
87 verbose stack     at FSReqWrap.oncomplete (fs.js:123:15)
88 verbose cwd /home/balinux/Code/bdt
89 error Linux 4.4.0-72-generic
90 error argv "/home/balinux/.nvm/versions/node/v6.5.0/bin/node" "/home/balinux/.nvm/versions/node/v6.5.0/bin/npm" "update"
91 error node v6.5.0
92 error npm  v3.10.3
93 error path /home/balinux/Code/node_modules/vue
94 error code EISGIT
95 error git /home/balinux/Code/node_modules/vue: Appears to be a git repo or submodule.
96 error git /home/balinux/Code/node_modules/vue
97 error git Refusing to remove it. Update manually,
97 error git or move it out of the way first.
98 verbose exit [ 1, true ]
